*************************************************************
****                                                     ****
****            Output from PHASE v2.0.2                 ****
****  Code by M Stephens, with contributions from N Li   ****
****                                                     ****
*************************************************************

BEGIN COMMAND_LINE 
/home/cbardel/phase/phase.2.0.2.linux/PHASE -c-1 -MS caco.phase caco.out 100 1 100 
END COMMAND_LINE 

BEGIN OUTFILE_LIST
caco.out_freqs : haplotype frequency estimates
caco.out_pairs : most likely haplotype pairs for each individual
caco.out_signif : p-value for testing cases vs controls
caco.out_monitor : file for monitoring convergence
END OUTFILE_LIST

BEGIN INPUT_SUMMARY
Number of Individuals: 200
Number of Loci: 12
Positions of loci: 293 693 2319 2346 3697 3727 3848 4329 4384 4553 6297 6760 
END INPUT_SUMMARY

List of haplotypes found in best reconstruction, with counts.
(See file caco.out_freqs for haplotype population frequency estimates)

BEGIN LIST_SUMMARY
         1 222222222222  219.000000
         2 222221122222    9.000000
         3 222221111122    6.000000
         4 222221111121   16.000000
         5 222221111112    5.000000
         6 222212222222    4.000000
         7 221222222221    9.000000
         8 221122222222   15.000000
         9 112222222222   22.000000
        10 112221112222   13.000000
        11 112221112112   14.000000
        12 112221111122   11.000000
        13 112221111121   14.000000
        14 112221111112   43.000000
END LIST_SUMMARY


Summary of best reconstruction
(numbers refer to the list of haplotypes given above)

BEGIN BESTPAIRS_SUMMARY
1: (1,1)
2: (1,10)
3: (1,13)
4: (1,1)
5: (7,9)
6: (9,10)
7: (1,9)
8: (1,1)
9: (1,14)
10: (1,12)
11: (13,14)
12: (1,5)
13: (1,1)
14: (1,5)
15: (1,14)
16: (11,11)
17: (1,5)
18: (1,11)
19: (1,14)
20: (1,10)
21: (1,12)
22: (1,10)
23: (9,14)
24: (1,14)
25: (1,9)
26: (1,14)
27: (8,12)
28: (1,9)
29: (1,1)
30: (1,2)
31: (9,10)
32: (1,1)
33: (1,9)
34: (9,11)
35: (1,2)
36: (1,14)
37: (1,13)
38: (1,13)
39: (1,2)
40: (12,14)
41: (1,12)
42: (1,9)
43: (1,1)
44: (1,4)
45: (1,1)
46: (9,14)
47: (14,14)
48: (1,11)
49: (1,10)
50: (1,14)
51: (3,4)
52: (1,14)
53: (1,14)
54: (1,14)
55: (1,1)
56: (1,13)
57: (1,8)
58: (4,14)
59: (1,14)
60: (9,14)
61: (9,13)
62: (1,9)
63: (1,13)
64: (1,14)
65: (4,11)
66: (11,12)
67: (1,12)
68: (1,9)
69: (10,11)
70: (1,1)
71: (1,9)
72: (1,1)
73: (9,10)
74: (1,13)
75: (1,11)
76: (1,14)
77: (1,1)
78: (1,14)
79: (1,14)
80: (1,7)
81: (1,1)
82: (1,1)
83: (1,14)
84: (1,7)
85: (1,1)
86: (10,14)
87: (1,13)
88: (1,1)
89: (4,14)
90: (9,12)
91: (1,14)
92: (1,1)
93: (1,11)
94: (10,13)
95: (1,1)
96: (1,1)
97: (1,3)
98: (1,10)
99: (1,12)
100: (6,14)
101: (1,1)
102: (1,11)
103: (1,11)
104: (1,3)
105: (1,8)
106: (1,14)
107: (1,1)
108: (1,1)
109: (1,4)
110: (1,1)
111: (1,1)
112: (1,1)
113: (1,4)
114: (1,14)
115: (1,14)
116: (1,1)
117: (2,8)
118: (1,1)
119: (1,14)
120: (1,5)
121: (1,4)
122: (1,1)
123: (7,9)
124: (5,7)
125: (6,14)
126: (1,1)
127: (1,2)
128: (1,1)
129: (1,1)
130: (1,8)
131: (1,1)
132: (1,7)
133: (1,4)
134: (9,13)
135: (1,8)
136: (1,2)
137: (1,8)
138: (1,13)
139: (1,1)
140: (1,1)
141: (1,1)
142: (1,1)
143: (2,13)
144: (4,8)
145: (1,1)
146: (1,1)
147: (1,1)
148: (1,8)
149: (1,1)
150: (1,13)
151: (3,10)
152: (1,4)
153: (1,1)
154: (3,7)
155: (1,14)
156: (1,8)
157: (1,4)
158: (1,8)
159: (1,1)
160: (1,2)
161: (1,1)
162: (1,11)
163: (1,14)
164: (1,14)
165: (1,1)
166: (1,1)
167: (1,1)
168: (7,12)
169: (9,10)
170: (4,4)
171: (1,8)
172: (1,1)
173: (1,12)
174: (1,1)
175: (1,3)
176: (1,14)
177: (1,1)
178: (1,1)
179: (1,9)
180: (1,14)
181: (1,1)
182: (1,1)
183: (1,8)
184: (1,8)
185: (1,14)
186: (1,14)
187: (6,7)
188: (1,1)
189: (1,14)
190: (1,1)
191: (1,14)
192: (1,2)
193: (8,14)
194: (1,1)
195: (1,1)
196: (1,4)
197: (1,11)
198: (4,6)
199: (1,1)
200: (1,1)
END BESTPAIRS_SUMMARY


Haplotype estimates for each individual, with uncertain phases enclosed in ()
and uncertain genotypes enclosed in []:

BEGIN BESTPAIRS1
1 1
2 2 2 2 2 2 2 2 2 2 2 2 
2 2 2 2 2 2 2 2 2 2 2 2 
1 2
2 2 2 2 2 2 2 2 2 2 2 2 
1 1 2 2 2 1 1 1 2 2 2 2 
1 3
(2) (2) 2 2 2 2 2 2 2 2 2 2 
(1) (1) 2 2 2 1 1 1 1 1 2 1 
1 4
2 2 2 2 2 2 2 2 2 2 2 2 
2 2 2 2 2 2 2 2 2 2 2 2 
1 5
2 2 1 2 2 2 2 2 2 2 2 1 
1 1 2 2 2 2 2 2 2 2 2 2 
1 6
1 1 2 2 2 2 2 2 2 2 2 2 
1 1 2 2 2 1 1 1 2 2 2 2 
1 7
2 2 2 2 2 2 2 2 2 2 2 2 
1 1 2 2 2 2 2 2 2 2 2 2 
1 8
2 2 2 2 2 2 2 2 2 2 2 2 
2 2 2 2 2 2 2 2 2 2 2 2 
1 9
2 2 2 2 2 2 2 2 2 2 2 2 
1 1 2 2 2 1 1 1 1 1 1 2 
1 10
2 2 2 2 2 2 2 2 2 2 2 2 
1 1 2 2 2 1 1 1 1 1 2 2 
1 11
1 1 2 2 2 1 1 1 1 1 2 1 
1 1 2 2 2 1 1 1 1 1 1 2 
1 12
2 2 2 2 2 2 2 2 2 2 2 2 
2 2 2 2 2 1 1 1 1 1 1 2 
1 13
2 2 2 2 2 2 2 2 2 2 2 2 
2 2 2 2 2 2 2 2 2 2 2 2 
1 14
2 2 2 2 2 2 2 2 2 2 2 2 
2 2 2 2 2 1 1 1 1 1 1 2 
1 15
2 2 2 2 2 2 2 2 2 2 2 2 
1 1 2 2 2 1 1 1 1 1 1 2 
1 16
1 1 2 2 2 1 1 1 2 1 1 2 
1 1 2 2 2 1 1 1 2 1 1 2 
1 17
2 2 2 2 2 2 2 2 2 2 2 2 
2 2 2 2 2 1 1 1 1 1 1 2 
1 18
2 2 2 2 2 2 2 2 2 2 2 2 
1 1 2 2 2 1 1 1 2 1 1 2 
1 19
2 2 2 2 2 2 2 2 2 2 2 2 
1 1 2 2 2 1 1 1 1 1 1 2 
1 20
2 2 2 2 2 2 2 2 2 2 2 2 
1 1 2 2 2 1 1 1 2 2 2 2 
1 21
2 2 2 2 2 2 2 2 2 2 2 2 
1 1 2 2 2 1 1 1 1 1 2 2 
1 22
2 2 2 2 2 2 2 2 2 2 2 2 
1 1 2 2 2 1 1 1 2 2 2 2 
1 23
1 1 2 2 2 2 2 2 2 2 2 2 
1 1 2 2 2 1 1 1 1 1 1 2 
1 24
2 2 2 2 2 2 2 2 2 2 2 2 
1 1 2 2 2 1 1 1 1 1 1 2 
1 25
2 2 2 2 2 2 2 2 2 2 2 2 
1 1 2 2 2 2 2 2 2 2 2 2 
1 26
2 2 2 2 2 2 2 2 2 2 2 2 
1 1 2 2 2 1 1 1 1 1 1 2 
1 27
2 2 1 1 2 2 2 2 2 2 2 2 
1 1 2 2 2 1 1 1 1 1 2 2 
1 28
2 2 2 2 2 2 2 2 2 2 2 2 
1 1 2 2 2 2 2 2 2 2 2 2 
1 29
2 2 2 2 2 2 2 2 2 2 2 2 
2 2 2 2 2 2 2 2 2 2 2 2 
1 30
2 2 2 2 2 2 2 2 2 2 2 2 
2 2 2 2 2 1 1 2 2 2 2 2 
1 31
1 1 2 2 2 2 2 2 2 2 2 2 
1 1 2 2 2 1 1 1 2 2 2 2 
1 32
2 2 2 2 2 2 2 2 2 2 2 2 
2 2 2 2 2 2 2 2 2 2 2 2 
1 33
2 2 2 2 2 2 2 2 2 2 2 2 
1 1 2 2 2 2 2 2 2 2 2 2 
1 34
1 1 2 2 2 2 2 2 2 2 2 2 
1 1 2 2 2 1 1 1 2 1 1 2 
1 35
2 2 2 2 2 2 2 2 2 2 2 2 
2 2 2 2 2 1 1 2 2 2 2 2 
1 36
2 2 2 2 2 2 2 2 2 2 2 2 
1 1 2 2 2 1 1 1 1 1 1 2 
1 37
(2) (2) 2 2 2 2 2 2 2 2 2 2 
(1) (1) 2 2 2 1 1 1 1 1 2 1 
1 38
(2) (2) 2 2 2 2 2 2 2 2 2 2 
(1) (1) 2 2 2 1 1 1 1 1 2 1 
1 39
2 2 2 2 2 2 2 2 2 2 2 2 
2 2 2 2 2 1 1 2 2 2 2 2 
1 40
1 1 2 2 2 1 1 1 1 1 2 2 
1 1 2 2 2 1 1 1 1 1 1 2 
1 41
2 2 2 2 2 2 2 2 2 2 2 2 
1 1 2 2 2 1 1 1 1 1 2 2 
1 42
2 2 2 2 2 2 2 2 2 2 2 2 
1 1 2 2 2 2 2 2 2 2 2 2 
1 43
2 2 2 2 2 2 2 2 2 2 2 2 
2 2 2 2 2 2 2 2 2 2 2 2 
1 44
2 2 2 2 2 2 2 2 2 2 2 2 
2 2 2 2 2 1 1 1 1 1 2 1 
1 45
2 2 2 2 2 2 2 2 2 2 2 2 
2 2 2 2 2 2 2 2 2 2 2 2 
1 46
1 1 2 2 2 2 2 2 2 2 2 2 
1 1 2 2 2 1 1 1 1 1 1 2 
1 47
1 1 2 2 2 1 1 1 1 1 1 2 
1 1 2 2 2 1 1 1 1 1 1 2 
1 48
2 2 2 2 2 2 2 2 2 2 2 2 
1 1 2 2 2 1 1 1 2 1 1 2 
1 49
2 2 2 2 2 2 2 2 2 2 2 2 
1 1 2 2 2 1 1 1 2 2 2 2 
1 50
2 2 2 2 2 2 2 2 2 2 2 2 
1 1 2 2 2 1 1 1 1 1 1 2 
1 51
2 2 2 2 2 1 1 1 1 1 2 2 
2 2 2 2 2 1 1 1 1 1 2 1 
1 52
2 2 2 2 2 2 2 2 2 2 2 2 
1 1 2 2 2 1 1 1 1 1 1 2 
1 53
2 2 2 2 2 2 2 2 2 2 2 2 
1 1 2 2 2 1 1 1 1 1 1 2 
1 54
2 2 2 2 2 2 2 2 2 2 2 2 
1 1 2 2 2 1 1 1 1 1 1 2 
1 55
2 2 2 2 2 2 2 2 2 2 2 2 
2 2 2 2 2 2 2 2 2 2 2 2 
1 56
(2) (2) 2 2 2 2 2 2 2 2 2 2 
(1) (1) 2 2 2 1 1 1 1 1 2 1 
1 57
2 2 2 2 2 2 2 2 2 2 2 2 
2 2 1 1 2 2 2 2 2 2 2 2 
1 58
(2) (2) 2 2 2 1 1 1 1 1 2 1 
(1) (1) 2 2 2 1 1 1 1 1 1 2 
1 59
2 2 2 2 2 2 2 2 2 2 2 2 
1 1 2 2 2 1 1 1 1 1 1 2 
1 60
1 1 2 2 2 2 2 2 2 2 2 2 
1 1 2 2 2 1 1 1 1 1 1 2 
1 61
1 1 2 2 2 2 2 2 2 2 2 2 
1 1 2 2 2 1 1 1 1 1 2 1 
1 62
2 2 2 2 2 2 2 2 2 2 2 2 
1 1 2 2 2 2 2 2 2 2 2 2 
1 63
(2) (2) 2 2 2 2 2 2 2 2 2 2 
(1) (1) 2 2 2 1 1 1 1 1 2 1 
1 64
2 2 2 2 2 2 2 2 2 2 2 2 
1 1 2 2 2 1 1 1 1 1 1 2 
1 65
2 2 2 2 2 1 1 1 1 1 2 1 
1 1 2 2 2 1 1 1 2 1 1 2 
1 66
1 1 2 2 2 1 1 1 2 1 1 2 
1 1 2 2 2 1 1 1 1 1 2 2 
1 67
2 2 2 2 2 2 2 2 2 2 2 2 
1 1 2 2 2 1 1 1 1 1 2 2 
1 68
2 2 2 2 2 2 2 2 2 2 2 2 
1 1 2 2 2 2 2 2 2 2 2 2 
1 69
1 1 2 2 2 1 1 1 2 2 2 2 
1 1 2 2 2 1 1 1 2 1 1 2 
1 70
2 2 2 2 2 2 2 2 2 2 2 2 
2 2 2 2 2 2 2 2 2 2 2 2 
1 71
2 2 2 2 2 2 2 2 2 2 2 2 
1 1 2 2 2 2 2 2 2 2 2 2 
1 72
2 2 2 2 2 2 2 2 2 2 2 2 
2 2 2 2 2 2 2 2 2 2 2 2 
1 73
1 1 2 2 2 2 2 2 2 2 2 2 
1 1 2 2 2 1 1 1 2 2 2 2 
1 74
(2) (2) 2 2 2 2 2 2 2 2 2 2 
(1) (1) 2 2 2 1 1 1 1 1 2 1 
1 75
2 2 2 2 2 2 2 2 2 2 2 2 
1 1 2 2 2 1 1 1 2 1 1 2 
1 76
2 2 2 2 2 2 2 2 2 2 2 2 
1 1 2 2 2 1 1 1 1 1 1 2 
1 77
2 2 2 2 2 2 2 2 2 2 2 2 
2 2 2 2 2 2 2 2 2 2 2 2 
1 78
2 2 2 2 2 2 2 2 2 2 2 2 
1 1 2 2 2 1 1 1 1 1 1 2 
1 79
2 2 2 2 2 2 2 2 2 2 2 2 
1 1 2 2 2 1 1 1 1 1 1 2 
1 80
2 2 2 2 2 2 2 2 2 2 2 2 
2 2 1 2 2 2 2 2 2 2 2 1 
1 81
2 2 2 2 2 2 2 2 2 2 2 2 
2 2 2 2 2 2 2 2 2 2 2 2 
1 82
2 2 2 2 2 2 2 2 2 2 2 2 
2 2 2 2 2 2 2 2 2 2 2 2 
1 83
2 2 2 2 2 2 2 2 2 2 2 2 
1 1 2 2 2 1 1 1 1 1 1 2 
1 84
2 2 2 2 2 2 2 2 2 2 2 2 
2 2 1 2 2 2 2 2 2 2 2 1 
1 85
2 2 2 2 2 2 2 2 2 2 2 2 
2 2 2 2 2 2 2 2 2 2 2 2 
1 86
1 1 2 2 2 1 1 1 2 2 2 2 
1 1 2 2 2 1 1 1 1 1 1 2 
1 87
(2) (2) 2 2 2 2 2 2 2 2 2 2 
(1) (1) 2 2 2 1 1 1 1 1 2 1 
1 88
2 2 2 2 2 2 2 2 2 2 2 2 
2 2 2 2 2 2 2 2 2 2 2 2 
1 89
(2) (2) 2 2 2 1 1 1 1 1 2 1 
(1) (1) 2 2 2 1 1 1 1 1 1 2 
1 90
1 1 2 2 2 2 2 2 2 2 2 2 
1 1 2 2 2 1 1 1 1 1 2 2 
1 91
2 2 2 2 2 2 2 2 2 2 2 2 
1 1 2 2 2 1 1 1 1 1 1 2 
1 92
2 2 2 2 2 2 2 2 2 2 2 2 
2 2 2 2 2 2 2 2 2 2 2 2 
1 93
2 2 2 2 2 2 2 2 2 2 2 2 
1 1 2 2 2 1 1 1 2 1 1 2 
1 94
1 1 2 2 2 1 1 1 2 2 2 2 
1 1 2 2 2 1 1 1 1 1 2 1 
1 95
2 2 2 2 2 2 2 2 2 2 2 2 
2 2 2 2 2 2 2 2 2 2 2 2 
1 96
2 2 2 2 2 2 2 2 2 2 2 2 
2 2 2 2 2 2 2 2 2 2 2 2 
1 97
2 2 2 2 2 2 2 2 2 2 2 2 
2 2 2 2 2 1 1 1 1 1 2 2 
1 98
2 2 2 2 2 2 2 2 2 2 2 2 
1 1 2 2 2 1 1 1 2 2 2 2 
1 99
2 2 2 2 2 2 2 2 2 2 2 2 
1 1 2 2 2 1 1 1 1 1 2 2 
1 100
2 2 2 2 1 2 2 2 2 2 2 2 
1 1 2 2 2 1 1 1 1 1 1 2 
0 101
2 2 2 2 2 2 2 2 2 2 2 2 
2 2 2 2 2 2 2 2 2 2 2 2 
0 102
2 2 2 2 2 2 2 2 2 2 2 2 
1 1 2 2 2 1 1 1 2 1 1 2 
0 103
2 2 2 2 2 2 2 2 2 2 2 2 
1 1 2 2 2 1 1 1 2 1 1 2 
0 104
2 2 2 2 2 2 2 2 2 2 2 2 
2 2 2 2 2 1 1 1 1 1 2 2 
0 105
2 2 2 2 2 2 2 2 2 2 2 2 
2 2 1 1 2 2 2 2 2 2 2 2 
0 106
2 2 2 2 2 2 2 2 2 2 2 2 
1 1 2 2 2 1 1 1 1 1 1 2 
0 107
2 2 2 2 2 2 2 2 2 2 2 2 
2 2 2 2 2 2 2 2 2 2 2 2 
0 108
2 2 2 2 2 2 2 2 2 2 2 2 
2 2 2 2 2 2 2 2 2 2 2 2 
0 109
2 2 2 2 2 2 2 2 2 2 2 2 
2 2 2 2 2 1 1 1 1 1 2 1 
0 110
2 2 2 2 2 2 2 2 2 2 2 2 
2 2 2 2 2 2 2 2 2 2 2 2 
0 111
2 2 2 2 2 2 2 2 2 2 2 2 
2 2 2 2 2 2 2 2 2 2 2 2 
0 112
2 2 2 2 2 2 2 2 2 2 2 2 
2 2 2 2 2 2 2 2 2 2 2 2 
0 113
2 2 2 2 2 2 2 2 2 2 2 2 
2 2 2 2 2 1 1 1 1 1 2 1 
0 114
2 2 2 2 2 2 2 2 2 2 2 2 
1 1 2 2 2 1 1 1 1 1 1 2 
0 115
2 2 2 2 2 2 2 2 2 2 2 2 
1 1 2 2 2 1 1 1 1 1 1 2 
0 116
2 2 2 2 2 2 2 2 2 2 2 2 
2 2 2 2 2 2 2 2 2 2 2 2 
0 117
2 2 2 2 2 1 1 2 2 2 2 2 
2 2 1 1 2 2 2 2 2 2 2 2 
0 118
2 2 2 2 2 2 2 2 2 2 2 2 
2 2 2 2 2 2 2 2 2 2 2 2 
0 119
2 2 2 2 2 2 2 2 2 2 2 2 
1 1 2 2 2 1 1 1 1 1 1 2 
0 120
2 2 2 2 2 2 2 2 2 2 2 2 
2 2 2 2 2 1 1 1 1 1 1 2 
0 121
2 2 2 2 2 2 2 2 2 2 2 2 
2 2 2 2 2 1 1 1 1 1 2 1 
0 122
2 2 2 2 2 2 2 2 2 2 2 2 
2 2 2 2 2 2 2 2 2 2 2 2 
0 123
2 2 1 2 2 2 2 2 2 2 2 1 
1 1 2 2 2 2 2 2 2 2 2 2 
0 124
2 2 2 2 2 1 1 1 1 1 1 2 
2 2 1 2 2 2 2 2 2 2 2 1 
0 125
2 2 2 2 1 2 2 2 2 2 2 2 
1 1 2 2 2 1 1 1 1 1 1 2 
0 126
2 2 2 2 2 2 2 2 2 2 2 2 
2 2 2 2 2 2 2 2 2 2 2 2 
0 127
2 2 2 2 2 2 2 2 2 2 2 2 
2 2 2 2 2 1 1 2 2 2 2 2 
0 128
2 2 2 2 2 2 2 2 2 2 2 2 
2 2 2 2 2 2 2 2 2 2 2 2 
0 129
2 2 2 2 2 2 2 2 2 2 2 2 
2 2 2 2 2 2 2 2 2 2 2 2 
0 130
2 2 2 2 2 2 2 2 2 2 2 2 
2 2 1 1 2 2 2 2 2 2 2 2 
0 131
2 2 2 2 2 2 2 2 2 2 2 2 
2 2 2 2 2 2 2 2 2 2 2 2 
0 132
2 2 2 2 2 2 2 2 2 2 2 2 
2 2 1 2 2 2 2 2 2 2 2 1 
0 133
2 2 2 2 2 2 2 2 2 2 2 2 
2 2 2 2 2 1 1 1 1 1 2 1 
0 134
1 1 2 2 2 2 2 2 2 2 2 2 
1 1 2 2 2 1 1 1 1 1 2 1 
0 135
2 2 2 2 2 2 2 2 2 2 2 2 
2 2 1 1 2 2 2 2 2 2 2 2 
0 136
2 2 2 2 2 2 2 2 2 2 2 2 
2 2 2 2 2 1 1 2 2 2 2 2 
0 137
2 2 2 2 2 2 2 2 2 2 2 2 
2 2 1 1 2 2 2 2 2 2 2 2 
0 138
(2) (2) 2 2 2 2 2 2 2 2 2 2 
(1) (1) 2 2 2 1 1 1 1 1 2 1 
0 139
2 2 2 2 2 2 2 2 2 2 2 2 
2 2 2 2 2 2 2 2 2 2 2 2 
0 140
2 2 2 2 2 2 2 2 2 2 2 2 
2 2 2 2 2 2 2 2 2 2 2 2 
0 141
2 2 2 2 2 2 2 2 2 2 2 2 
2 2 2 2 2 2 2 2 2 2 2 2 
0 142
2 2 2 2 2 2 2 2 2 2 2 2 
2 2 2 2 2 2 2 2 2 2 2 2 
0 143
2 2 2 2 2 1 1 2 2 2 2 2 
1 1 2 2 2 1 1 1 1 1 2 1 
0 144
2 2 2 2 2 1 1 1 1 1 2 1 
2 2 1 1 2 2 2 2 2 2 2 2 
0 145
2 2 2 2 2 2 2 2 2 2 2 2 
2 2 2 2 2 2 2 2 2 2 2 2 
0 146
2 2 2 2 2 2 2 2 2 2 2 2 
2 2 2 2 2 2 2 2 2 2 2 2 
0 147
2 2 2 2 2 2 2 2 2 2 2 2 
2 2 2 2 2 2 2 2 2 2 2 2 
0 148
2 2 2 2 2 2 2 2 2 2 2 2 
2 2 1 1 2 2 2 2 2 2 2 2 
0 149
2 2 2 2 2 2 2 2 2 2 2 2 
2 2 2 2 2 2 2 2 2 2 2 2 
0 150
(2) (2) 2 2 2 2 2 2 2 2 2 2 
(1) (1) 2 2 2 1 1 1 1 1 2 1 
0 151
2 2 2 2 2 1 1 1 1 1 2 2 
1 1 2 2 2 1 1 1 2 2 2 2 
0 152
2 2 2 2 2 2 2 2 2 2 2 2 
2 2 2 2 2 1 1 1 1 1 2 1 
0 153
2 2 2 2 2 2 2 2 2 2 2 2 
2 2 2 2 2 2 2 2 2 2 2 2 
0 154
2 2 2 2 2 1 1 1 1 1 2 2 
2 2 1 2 2 2 2 2 2 2 2 1 
0 155
2 2 2 2 2 2 2 2 2 2 2 2 
1 1 2 2 2 1 1 1 1 1 1 2 
0 156
2 2 2 2 2 2 2 2 2 2 2 2 
2 2 1 1 2 2 2 2 2 2 2 2 
0 157
2 2 2 2 2 2 2 2 2 2 2 2 
2 2 2 2 2 1 1 1 1 1 2 1 
0 158
2 2 2 2 2 2 2 2 2 2 2 2 
2 2 1 1 2 2 2 2 2 2 2 2 
0 159
2 2 2 2 2 2 2 2 2 2 2 2 
2 2 2 2 2 2 2 2 2 2 2 2 
0 160
2 2 2 2 2 2 2 2 2 2 2 2 
2 2 2 2 2 1 1 2 2 2 2 2 
0 161
2 2 2 2 2 2 2 2 2 2 2 2 
2 2 2 2 2 2 2 2 2 2 2 2 
0 162
2 2 2 2 2 2 2 2 2 2 2 2 
1 1 2 2 2 1 1 1 2 1 1 2 
0 163
2 2 2 2 2 2 2 2 2 2 2 2 
1 1 2 2 2 1 1 1 1 1 1 2 
0 164
2 2 2 2 2 2 2 2 2 2 2 2 
1 1 2 2 2 1 1 1 1 1 1 2 
0 165
2 2 2 2 2 2 2 2 2 2 2 2 
2 2 2 2 2 2 2 2 2 2 2 2 
0 166
2 2 2 2 2 2 2 2 2 2 2 2 
2 2 2 2 2 2 2 2 2 2 2 2 
0 167
2 2 2 2 2 2 2 2 2 2 2 2 
2 2 2 2 2 2 2 2 2 2 2 2 
0 168
2 2 1 2 2 2 2 2 2 2 2 1 
1 1 2 2 2 1 1 1 1 1 2 2 
0 169
1 1 2 2 2 2 2 2 2 2 2 2 
1 1 2 2 2 1 1 1 2 2 2 2 
0 170
2 2 2 2 2 1 1 1 1 1 2 1 
2 2 2 2 2 1 1 1 1 1 2 1 
0 171
2 2 2 2 2 2 2 2 2 2 2 2 
2 2 1 1 2 2 2 2 2 2 2 2 
0 172
2 2 2 2 2 2 2 2 2 2 2 2 
2 2 2 2 2 2 2 2 2 2 2 2 
0 173
2 2 2 2 2 2 2 2 2 2 2 2 
1 1 2 2 2 1 1 1 1 1 2 2 
0 174
2 2 2 2 2 2 2 2 2 2 2 2 
2 2 2 2 2 2 2 2 2 2 2 2 
0 175
2 2 2 2 2 2 2 2 2 2 2 2 
2 2 2 2 2 1 1 1 1 1 2 2 
0 176
2 2 2 2 2 2 2 2 2 2 2 2 
1 1 2 2 2 1 1 1 1 1 1 2 
0 177
2 2 2 2 2 2 2 2 2 2 2 2 
2 2 2 2 2 2 2 2 2 2 2 2 
0 178
2 2 2 2 2 2 2 2 2 2 2 2 
2 2 2 2 2 2 2 2 2 2 2 2 
0 179
2 2 2 2 2 2 2 2 2 2 2 2 
1 1 2 2 2 2 2 2 2 2 2 2 
0 180
2 2 2 2 2 2 2 2 2 2 2 2 
1 1 2 2 2 1 1 1 1 1 1 2 
0 181
2 2 2 2 2 2 2 2 2 2 2 2 
2 2 2 2 2 2 2 2 2 2 2 2 
0 182
2 2 2 2 2 2 2 2 2 2 2 2 
2 2 2 2 2 2 2 2 2 2 2 2 
0 183
2 2 2 2 2 2 2 2 2 2 2 2 
2 2 1 1 2 2 2 2 2 2 2 2 
0 184
2 2 2 2 2 2 2 2 2 2 2 2 
2 2 1 1 2 2 2 2 2 2 2 2 
0 185
2 2 2 2 2 2 2 2 2 2 2 2 
1 1 2 2 2 1 1 1 1 1 1 2 
0 186
2 2 2 2 2 2 2 2 2 2 2 2 
1 1 2 2 2 1 1 1 1 1 1 2 
0 187
2 2 2 2 1 2 2 2 2 2 2 2 
2 2 1 2 2 2 2 2 2 2 2 1 
0 188
2 2 2 2 2 2 2 2 2 2 2 2 
2 2 2 2 2 2 2 2 2 2 2 2 
0 189
2 2 2 2 2 2 2 2 2 2 2 2 
1 1 2 2 2 1 1 1 1 1 1 2 
0 190
2 2 2 2 2 2 2 2 2 2 2 2 
2 2 2 2 2 2 2 2 2 2 2 2 
0 191
2 2 2 2 2 2 2 2 2 2 2 2 
1 1 2 2 2 1 1 1 1 1 1 2 
0 192
2 2 2 2 2 2 2 2 2 2 2 2 
2 2 2 2 2 1 1 2 2 2 2 2 
0 193
2 2 1 1 2 2 2 2 2 2 2 2 
1 1 2 2 2 1 1 1 1 1 1 2 
0 194
2 2 2 2 2 2 2 2 2 2 2 2 
2 2 2 2 2 2 2 2 2 2 2 2 
0 195
2 2 2 2 2 2 2 2 2 2 2 2 
2 2 2 2 2 2 2 2 2 2 2 2 
0 196
2 2 2 2 2 2 2 2 2 2 2 2 
2 2 2 2 2 1 1 1 1 1 2 1 
0 197
2 2 2 2 2 2 2 2 2 2 2 2 
1 1 2 2 2 1 1 1 2 1 1 2 
0 198
2 2 2 2 2 1 1 1 1 1 2 1 
2 2 2 2 1 2 2 2 2 2 2 2 
0 199
2 2 2 2 2 2 2 2 2 2 2 2 
2 2 2 2 2 2 2 2 2 2 2 2 
0 200
2 2 2 2 2 2 2 2 2 2 2 2 
2 2 2 2 2 2 2 2 2 2 2 2 
END BESTPAIRS1


Haplotype estimates for each individual, with uncertain phases enclosed in ()
and uncertain genotypes enclosed in []
with phase known positions indicated by =

BEGIN BESTPAIRS2
1 1
= = = = = = = = = = = = 
= = = = = = = = = = = = 
1 2
2 2 = = = 2 2 2 = = = = 
1 1 = = = 1 1 1 = = = = 
1 3
(2) (2) = = = 2 2 2 2 2 = 2 
(1) (1) = = = 1 1 1 1 1 = 1 
1 4
= = = = = = = = = = = = 
= = = = = = = = = = = = 
1 5
2 2 1 = = = = = = = = 1 
1 1 2 = = = = = = = = 2 
1 6
= = = = = 2 2 2 = = = = 
= = = = = 1 1 1 = = = = 
1 7
2 2 = = = = = = = = = = 
1 1 = = = = = = = = = = 
1 8
= = = = = = = = = = = = 
= = = = = = = = = = = = 
1 9
2 2 = = = 2 2 2 2 2 2 = 
1 1 = = = 1 1 1 1 1 1 = 
1 10
2 2 = = = 2 2 2 2 2 = = 
1 1 = = = 1 1 1 1 1 = = 
1 11
= = = = = = = = = = 2 1 
= = = = = = = = = = 1 2 
1 12
= = = = = 2 2 2 2 2 2 = 
= = = = = 1 1 1 1 1 1 = 
1 13
= = = = = = = = = = = = 
= = = = = = = = = = = = 
1 14
= = = = = 2 2 2 2 2 2 = 
= = = = = 1 1 1 1 1 1 = 
1 15
2 2 = = = 2 2 2 2 2 2 = 
1 1 = = = 1 1 1 1 1 1 = 
1 16
= = = = = = = = = = = = 
= = = = = = = = = = = = 
1 17
= = = = = 2 2 2 2 2 2 = 
= = = = = 1 1 1 1 1 1 = 
1 18
2 2 = = = 2 2 2 = 2 2 = 
1 1 = = = 1 1 1 = 1 1 = 
1 19
2 2 = = = 2 2 2 2 2 2 = 
1 1 = = = 1 1 1 1 1 1 = 
1 20
2 2 = = = 2 2 2 = = = = 
1 1 = = = 1 1 1 = = = = 
1 21
2 2 = = = 2 2 2 2 2 = = 
1 1 = = = 1 1 1 1 1 = = 
1 22
2 2 = = = 2 2 2 = = = = 
1 1 = = = 1 1 1 = = = = 
1 23
= = = = = 2 2 2 2 2 2 = 
= = = = = 1 1 1 1 1 1 = 
1 24
2 2 = = = 2 2 2 2 2 2 = 
1 1 = = = 1 1 1 1 1 1 = 
1 25
2 2 = = = = = = = = = = 
1 1 = = = = = = = = = = 
1 26
2 2 = = = 2 2 2 2 2 2 = 
1 1 = = = 1 1 1 1 1 1 = 
1 27
2 2 1 1 = 2 2 2 2 2 = = 
1 1 2 2 = 1 1 1 1 1 = = 
1 28
2 2 = = = = = = = = = = 
1 1 = = = = = = = = = = 
1 29
= = = = = = = = = = = = 
= = = = = = = = = = = = 
1 30
= = = = = 2 2 = = = = = 
= = = = = 1 1 = = = = = 
1 31
= = = = = 2 2 2 = = = = 
= = = = = 1 1 1 = = = = 
1 32
= = = = = = = = = = = = 
= = = = = = = = = = = = 
1 33
2 2 = = = = = = = = = = 
1 1 = = = = = = = = = = 
1 34
= = = = = 2 2 2 = 2 2 = 
= = = = = 1 1 1 = 1 1 = 
1 35
= = = = = 2 2 = = = = = 
= = = = = 1 1 = = = = = 
1 36
2 2 = = = 2 2 2 2 2 2 = 
1 1 = = = 1 1 1 1 1 1 = 
1 37
(2) (2) = = = 2 2 2 2 2 = 2 
(1) (1) = = = 1 1 1 1 1 = 1 
1 38
(2) (2) = = = 2 2 2 2 2 = 2 
(1) (1) = = = 1 1 1 1 1 = 1 
1 39
= = = = = 2 2 = = = = = 
= = = = = 1 1 = = = = = 
1 40
= = = = = = = = = = 2 = 
= = = = = = = = = = 1 = 
1 41
2 2 = = = 2 2 2 2 2 = = 
1 1 = = = 1 1 1 1 1 = = 
1 42
2 2 = = = = = = = = = = 
1 1 = = = = = = = = = = 
1 43
= = = = = = = = = = = = 
= = = = = = = = = = = = 
1 44
= = = = = 2 2 2 2 2 = 2 
= = = = = 1 1 1 1 1 = 1 
1 45
= = = = = = = = = = = = 
= = = = = = = = = = = = 
1 46
= = = = = 2 2 2 2 2 2 = 
= = = = = 1 1 1 1 1 1 = 
1 47
= = = = = = = = = = = = 
= = = = = = = = = = = = 
1 48
2 2 = = = 2 2 2 = 2 2 = 
1 1 = = = 1 1 1 = 1 1 = 
1 49
2 2 = = = 2 2 2 = = = = 
1 1 = = = 1 1 1 = = = = 
1 50
2 2 = = = 2 2 2 2 2 2 = 
1 1 = = = 1 1 1 1 1 1 = 
1 51
= = = = = = = = = = = 2 
= = = = = = = = = = = 1 
1 52
2 2 = = = 2 2 2 2 2 2 = 
1 1 = = = 1 1 1 1 1 1 = 
1 53
2 2 = = = 2 2 2 2 2 2 = 
1 1 = = = 1 1 1 1 1 1 = 
1 54
2 2 = = = 2 2 2 2 2 2 = 
1 1 = = = 1 1 1 1 1 1 = 
1 55
= = = = = = = = = = = = 
= = = = = = = = = = = = 
1 56
(2) (2) = = = 2 2 2 2 2 = 2 
(1) (1) = = = 1 1 1 1 1 = 1 
1 57
= = 2 2 = = = = = = = = 
= = 1 1 = = = = = = = = 
1 58
(2) (2) = = = = = = = = 2 1 
(1) (1) = = = = = = = = 1 2 
1 59
2 2 = = = 2 2 2 2 2 2 = 
1 1 = = = 1 1 1 1 1 1 = 
1 60
= = = = = 2 2 2 2 2 2 = 
= = = = = 1 1 1 1 1 1 = 
1 61
= = = = = 2 2 2 2 2 = 2 
= = = = = 1 1 1 1 1 = 1 
1 62
2 2 = = = = = = = = = = 
1 1 = = = = = = = = = = 
1 63
(2) (2) = = = 2 2 2 2 2 = 2 
(1) (1) = = = 1 1 1 1 1 = 1 
1 64
2 2 = = = 2 2 2 2 2 2 = 
1 1 = = = 1 1 1 1 1 1 = 
1 65
2 2 = = = = = = 1 = 2 1 
1 1 = = = = = = 2 = 1 2 
1 66
= = = = = = = = 2 = 1 = 
= = = = = = = = 1 = 2 = 
1 67
2 2 = = = 2 2 2 2 2 = = 
1 1 = = = 1 1 1 1 1 = = 
1 68
2 2 = = = = = = = = = = 
1 1 = = = = = = = = = = 
1 69
= = = = = = = = = 2 2 = 
= = = = = = = = = 1 1 = 
1 70
= = = = = = = = = = = = 
= = = = = = = = = = = = 
1 71
2 2 = = = = = = = = = = 
1 1 = = = = = = = = = = 
1 72
= = = = = = = = = = = = 
= = = = = = = = = = = = 
1 73
= = = = = 2 2 2 = = = = 
= = = = = 1 1 1 = = = = 
1 74
(2) (2) = = = 2 2 2 2 2 = 2 
(1) (1) = = = 1 1 1 1 1 = 1 
1 75
2 2 = = = 2 2 2 = 2 2 = 
1 1 = = = 1 1 1 = 1 1 = 
1 76
2 2 = = = 2 2 2 2 2 2 = 
1 1 = = = 1 1 1 1 1 1 = 
1 77
= = = = = = = = = = = = 
= = = = = = = = = = = = 
1 78
2 2 = = = 2 2 2 2 2 2 = 
1 1 = = = 1 1 1 1 1 1 = 
1 79
2 2 = = = 2 2 2 2 2 2 = 
1 1 = = = 1 1 1 1 1 1 = 
1 80
= = 2 = = = = = = = = 2 
= = 1 = = = = = = = = 1 
1 81
= = = = = = = = = = = = 
= = = = = = = = = = = = 
1 82
= = = = = = = = = = = = 
= = = = = = = = = = = = 
1 83
2 2 = = = 2 2 2 2 2 2 = 
1 1 = = = 1 1 1 1 1 1 = 
1 84
= = 2 = = = = = = = = 2 
= = 1 = = = = = = = = 1 
1 85
= = = = = = = = = = = = 
= = = = = = = = = = = = 
1 86
= = = = = = = = 2 2 2 = 
= = = = = = = = 1 1 1 = 
1 87
(2) (2) = = = 2 2 2 2 2 = 2 
(1) (1) = = = 1 1 1 1 1 = 1 
1 88
= = = = = = = = = = = = 
= = = = = = = = = = = = 
1 89
(2) (2) = = = = = = = = 2 1 
(1) (1) = = = = = = = = 1 2 
1 90
= = = = = 2 2 2 2 2 = = 
= = = = = 1 1 1 1 1 = = 
1 91
2 2 = = = 2 2 2 2 2 2 = 
1 1 = = = 1 1 1 1 1 1 = 
1 92
= = = = = = = = = = = = 
= = = = = = = = = = = = 
1 93
2 2 = = = 2 2 2 = 2 2 = 
1 1 = = = 1 1 1 = 1 1 = 
1 94
= = = = = = = = 2 2 = 2 
= = = = = = = = 1 1 = 1 
1 95
= = = = = = = = = = = = 
= = = = = = = = = = = = 
1 96
= = = = = = = = = = = = 
= = = = = = = = = = = = 
1 97
= = = = = 2 2 2 2 2 = = 
= = = = = 1 1 1 1 1 = = 
1 98
2 2 = = = 2 2 2 = = = = 
1 1 = = = 1 1 1 = = = = 
1 99
2 2 = = = 2 2 2 2 2 = = 
1 1 = = = 1 1 1 1 1 = = 
1 100
2 2 = = 1 2 2 2 2 2 2 = 
1 1 = = 2 1 1 1 1 1 1 = 
0 101
= = = = = = = = = = = = 
= = = = = = = = = = = = 
0 102
2 2 = = = 2 2 2 = 2 2 = 
1 1 = = = 1 1 1 = 1 1 = 
0 103
2 2 = = = 2 2 2 = 2 2 = 
1 1 = = = 1 1 1 = 1 1 = 
0 104
= = = = = 2 2 2 2 2 = = 
= = = = = 1 1 1 1 1 = = 
0 105
= = 2 2 = = = = = = = = 
= = 1 1 = = = = = = = = 
0 106
2 2 = = = 2 2 2 2 2 2 = 
1 1 = = = 1 1 1 1 1 1 = 
0 107
= = = = = = = = = = = = 
= = = = = = = = = = = = 
0 108
= = = = = = = = = = = = 
= = = = = = = = = = = = 
0 109
= = = = = 2 2 2 2 2 = 2 
= = = = = 1 1 1 1 1 = 1 
0 110
= = = = = = = = = = = = 
= = = = = = = = = = = = 
0 111
= = = = = = = = = = = = 
= = = = = = = = = = = = 
0 112
= = = = = = = = = = = = 
= = = = = = = = = = = = 
0 113
= = = = = 2 2 2 2 2 = 2 
= = = = = 1 1 1 1 1 = 1 
0 114
2 2 = = = 2 2 2 2 2 2 = 
1 1 = = = 1 1 1 1 1 1 = 
0 115
2 2 = = = 2 2 2 2 2 2 = 
1 1 = = = 1 1 1 1 1 1 = 
0 116
= = = = = = = = = = = = 
= = = = = = = = = = = = 
0 117
= = 2 2 = 1 1 = = = = = 
= = 1 1 = 2 2 = = = = = 
0 118
= = = = = = = = = = = = 
= = = = = = = = = = = = 
0 119
2 2 = = = 2 2 2 2 2 2 = 
1 1 = = = 1 1 1 1 1 1 = 
0 120
= = = = = 2 2 2 2 2 2 = 
= = = = = 1 1 1 1 1 1 = 
0 121
= = = = = 2 2 2 2 2 = 2 
= = = = = 1 1 1 1 1 = 1 
0 122
= = = = = = = = = = = = 
= = = = = = = = = = = = 
0 123
2 2 1 = = = = = = = = 1 
1 1 2 = = = = = = = = 2 
0 124
= = 2 = = 1 1 1 1 1 1 2 
= = 1 = = 2 2 2 2 2 2 1 
0 125
2 2 = = 1 2 2 2 2 2 2 = 
1 1 = = 2 1 1 1 1 1 1 = 
0 126
= = = = = = = = = = = = 
= = = = = = = = = = = = 
0 127
= = = = = 2 2 = = = = = 
= = = = = 1 1 = = = = = 
0 128
= = = = = = = = = = = = 
= = = = = = = = = = = = 
0 129
= = = = = = = = = = = = 
= = = = = = = = = = = = 
0 130
= = 2 2 = = = = = = = = 
= = 1 1 = = = = = = = = 
0 131
= = = = = = = = = = = = 
= = = = = = = = = = = = 
0 132
= = 2 = = = = = = = = 2 
= = 1 = = = = = = = = 1 
0 133
= = = = = 2 2 2 2 2 = 2 
= = = = = 1 1 1 1 1 = 1 
0 134
= = = = = 2 2 2 2 2 = 2 
= = = = = 1 1 1 1 1 = 1 
0 135
= = 2 2 = = = = = = = = 
= = 1 1 = = = = = = = = 
0 136
= = = = = 2 2 = = = = = 
= = = = = 1 1 = = = = = 
0 137
= = 2 2 = = = = = = = = 
= = 1 1 = = = = = = = = 
0 138
(2) (2) = = = 2 2 2 2 2 = 2 
(1) (1) = = = 1 1 1 1 1 = 1 
0 139
= = = = = = = = = = = = 
= = = = = = = = = = = = 
0 140
= = = = = = = = = = = = 
= = = = = = = = = = = = 
0 141
= = = = = = = = = = = = 
= = = = = = = = = = = = 
0 142
= = = = = = = = = = = = 
= = = = = = = = = = = = 
0 143
2 2 = = = = = 2 2 2 = 2 
1 1 = = = = = 1 1 1 = 1 
0 144
= = 2 2 = 1 1 1 1 1 = 1 
= = 1 1 = 2 2 2 2 2 = 2 
0 145
= = = = = = = = = = = = 
= = = = = = = = = = = = 
0 146
= = = = = = = = = = = = 
= = = = = = = = = = = = 
0 147
= = = = = = = = = = = = 
= = = = = = = = = = = = 
0 148
= = 2 2 = = = = = = = = 
= = 1 1 = = = = = = = = 
0 149
= = = = = = = = = = = = 
= = = = = = = = = = = = 
0 150
(2) (2) = = = 2 2 2 2 2 = 2 
(1) (1) = = = 1 1 1 1 1 = 1 
0 151
2 2 = = = = = = 1 1 = = 
1 1 = = = = = = 2 2 = = 
0 152
= = = = = 2 2 2 2 2 = 2 
= = = = = 1 1 1 1 1 = 1 
0 153
= = = = = = = = = = = = 
= = = = = = = = = = = = 
0 154
= = 2 = = 1 1 1 1 1 = 2 
= = 1 = = 2 2 2 2 2 = 1 
0 155
2 2 = = = 2 2 2 2 2 2 = 
1 1 = = = 1 1 1 1 1 1 = 
0 156
= = 2 2 = = = = = = = = 
= = 1 1 = = = = = = = = 
0 157
= = = = = 2 2 2 2 2 = 2 
= = = = = 1 1 1 1 1 = 1 
0 158
= = 2 2 = = = = = = = = 
= = 1 1 = = = = = = = = 
0 159
= = = = = = = = = = = = 
= = = = = = = = = = = = 
0 160
= = = = = 2 2 = = = = = 
= = = = = 1 1 = = = = = 
0 161
= = = = = = = = = = = = 
= = = = = = = = = = = = 
0 162
2 2 = = = 2 2 2 = 2 2 = 
1 1 = = = 1 1 1 = 1 1 = 
0 163
2 2 = = = 2 2 2 2 2 2 = 
1 1 = = = 1 1 1 1 1 1 = 
0 164
2 2 = = = 2 2 2 2 2 2 = 
1 1 = = = 1 1 1 1 1 1 = 
0 165
= = = = = = = = = = = = 
= = = = = = = = = = = = 
0 166
= = = = = = = = = = = = 
= = = = = = = = = = = = 
0 167
= = = = = = = = = = = = 
= = = = = = = = = = = = 
0 168
2 2 1 = = 2 2 2 2 2 = 1 
1 1 2 = = 1 1 1 1 1 = 2 
0 169
= = = = = 2 2 2 = = = = 
= = = = = 1 1 1 = = = = 
0 170
= = = = = = = = = = = = 
= = = = = = = = = = = = 
0 171
= = 2 2 = = = = = = = = 
= = 1 1 = = = = = = = = 
0 172
= = = = = = = = = = = = 
= = = = = = = = = = = = 
0 173
2 2 = = = 2 2 2 2 2 = = 
1 1 = = = 1 1 1 1 1 = = 
0 174
= = = = = = = = = = = = 
= = = = = = = = = = = = 
0 175
= = = = = 2 2 2 2 2 = = 
= = = = = 1 1 1 1 1 = = 
0 176
2 2 = = = 2 2 2 2 2 2 = 
1 1 = = = 1 1 1 1 1 1 = 
0 177
= = = = = = = = = = = = 
= = = = = = = = = = = = 
0 178
= = = = = = = = = = = = 
= = = = = = = = = = = = 
0 179
2 2 = = = = = = = = = = 
1 1 = = = = = = = = = = 
0 180
2 2 = = = 2 2 2 2 2 2 = 
1 1 = = = 1 1 1 1 1 1 = 
0 181
= = = = = = = = = = = = 
= = = = = = = = = = = = 
0 182
= = = = = = = = = = = = 
= = = = = = = = = = = = 
0 183
= = 2 2 = = = = = = = = 
= = 1 1 = = = = = = = = 
0 184
= = 2 2 = = = = = = = = 
= = 1 1 = = = = = = = = 
0 185
2 2 = = = 2 2 2 2 2 2 = 
1 1 = = = 1 1 1 1 1 1 = 
0 186
2 2 = = = 2 2 2 2 2 2 = 
1 1 = = = 1 1 1 1 1 1 = 
0 187
= = 2 = 1 = = = = = = 2 
= = 1 = 2 = = = = = = 1 
0 188
= = = = = = = = = = = = 
= = = = = = = = = = = = 
0 189
2 2 = = = 2 2 2 2 2 2 = 
1 1 = = = 1 1 1 1 1 1 = 
0 190
= = = = = = = = = = = = 
= = = = = = = = = = = = 
0 191
2 2 = = = 2 2 2 2 2 2 = 
1 1 = = = 1 1 1 1 1 1 = 
0 192
= = = = = 2 2 = = = = = 
= = = = = 1 1 = = = = = 
0 193
2 2 1 1 = 2 2 2 2 2 2 = 
1 1 2 2 = 1 1 1 1 1 1 = 
0 194
= = = = = = = = = = = = 
= = = = = = = = = = = = 
0 195
= = = = = = = = = = = = 
= = = = = = = = = = = = 
0 196
= = = = = 2 2 2 2 2 = 2 
= = = = = 1 1 1 1 1 = 1 
0 197
2 2 = = = 2 2 2 = 2 2 = 
1 1 = = = 1 1 1 = 1 1 = 
0 198
= = = = 2 1 1 1 1 1 = 1 
= = = = 1 2 2 2 2 2 = 2 
0 199
= = = = = = = = = = = = 
= = = = = = = = = = = = 
0 200
= = = = = = = = = = = = 
= = = = = = = = = = = = 
END BESTPAIRS2


Phase probabilities at each site
with phase known positions indicated by =
and missing data positions indicated by ?

BEGIN PHASEPROBS
= = = = = = = = = = = = 
1.00 1.00 = = = 1.00 1.00 1.00 = = = = 
0.87 0.87 = = = 1.00 1.00 1.00 1.00 1.00 = 1.00 
= = = = = = = = = = = = 
1.00 1.00 1.00 = = = = = = = = 1.00 
= = = = = 1.00 1.00 1.00 = = = = 
1.00 1.00 = = = = = = = = = = 
= = = = = = = = = = = = 
0.98 0.98 = = = 1.00 1.00 1.00 1.00 1.00 1.00 = 
0.93 0.93 = = = 1.00 1.00 1.00 1.00 1.00 = = 
= = = = = = = = = = 1.00 1.00 
= = = = = 1.00 1.00 1.00 1.00 1.00 1.00 = 
= = = = = = = = = = = = 
= = = = = 1.00 1.00 1.00 1.00 1.00 1.00 = 
0.98 0.98 = = = 1.00 1.00 1.00 1.00 1.00 1.00 = 
= = = = = = = = = = = = 
= = = = = 1.00 1.00 1.00 1.00 1.00 1.00 = 
1.00 1.00 = = = 1.00 1.00 1.00 = 1.00 1.00 = 
0.98 0.98 = = = 1.00 1.00 1.00 1.00 1.00 1.00 = 
1.00 1.00 = = = 1.00 1.00 1.00 = = = = 
0.93 0.93 = = = 1.00 1.00 1.00 1.00 1.00 = = 
1.00 1.00 = = = 1.00 1.00 1.00 = = = = 
= = = = = 1.00 1.00 1.00 1.00 1.00 1.00 = 
0.98 0.98 = = = 1.00 1.00 1.00 1.00 1.00 1.00 = 
1.00 1.00 = = = = = = = = = = 
0.98 0.98 = = = 1.00 1.00 1.00 1.00 1.00 1.00 = 
1.00 1.00 1.00 1.00 = 1.00 1.00 1.00 1.00 1.00 = = 
1.00 1.00 = = = = = = = = = = 
= = = = = = = = = = = = 
= = = = = 1.00 1.00 = = = = = 
= = = = = 1.00 1.00 1.00 = = = = 
= = = = = = = = = = = = 
1.00 1.00 = = = = = = = = = = 
= = = = = 1.00 1.00 1.00 = 1.00 1.00 = 
= = = = = 1.00 1.00 = = = = = 
0.98 0.98 = = = 1.00 1.00 1.00 1.00 1.00 1.00 = 
0.86 0.86 = = = 1.00 1.00 1.00 1.00 1.00 = 1.00 
0.86 0.86 = = = 1.00 1.00 1.00 1.00 1.00 = 1.00 
= = = = = 1.00 1.00 = = = = = 
= = = = = = = = = = 1.00 = 
0.93 0.93 = = = 1.00 1.00 1.00 1.00 1.00 = = 
1.00 1.00 = = = = = = = = = = 
= = = = = = = = = = = = 
= = = = = 1.00 1.00 1.00 1.00 1.00 = 1.00 
= = = = = = = = = = = = 
= = = = = 1.00 1.00 1.00 1.00 1.00 1.00 = 
= = = = = = = = = = = = 
1.00 1.00 = = = 1.00 1.00 1.00 = 1.00 1.00 = 
1.00 1.00 = = = 1.00 1.00 1.00 = = = = 
0.98 0.98 = = = 1.00 1.00 1.00 1.00 1.00 1.00 = 
= = = = = = = = = = = 1.00 
0.98 0.98 = = = 1.00 1.00 1.00 1.00 1.00 1.00 = 
0.98 0.98 = = = 1.00 1.00 1.00 1.00 1.00 1.00 = 
0.98 0.98 = = = 1.00 1.00 1.00 1.00 1.00 1.00 = 
= = = = = = = = = = = = 
0.86 0.86 = = = 1.00 1.00 1.00 1.00 1.00 = 1.00 
= = 1.00 1.00 = = = = = = = = 
0.90 0.90 = = = = = = = = 1.00 1.00 
0.98 0.98 = = = 1.00 1.00 1.00 1.00 1.00 1.00 = 
= = = = = 1.00 1.00 1.00 1.00 1.00 1.00 = 
= = = = = 1.00 1.00 1.00 1.00 1.00 = 1.00 
1.00 1.00 = = = = = = = = = = 
0.86 0.86 = = = 1.00 1.00 1.00 1.00 1.00 = 1.00 
0.98 0.98 = = = 1.00 1.00 1.00 1.00 1.00 1.00 = 
1.00 1.00 = = = = = = 1.00 = 1.00 1.00 
= = = = = = = = 1.00 = 1.00 = 
0.93 0.93 = = = 1.00 1.00 1.00 1.00 1.00 = = 
1.00 1.00 = = = = = = = = = = 
= = = = = = = = = 1.00 1.00 = 
= = = = = = = = = = = = 
1.00 1.00 = = = = = = = = = = 
= = = = = = = = = = = = 
= = = = = 1.00 1.00 1.00 = = = = 
0.86 0.86 = = = 1.00 1.00 1.00 1.00 1.00 = 1.00 
1.00 1.00 = = = 1.00 1.00 1.00 = 1.00 1.00 = 
0.98 0.98 = = = 1.00 1.00 1.00 1.00 1.00 1.00 = 
= = = = = = = = = = = = 
0.98 0.98 = = = 1.00 1.00 1.00 1.00 1.00 1.00 = 
0.98 0.98 = = = 1.00 1.00 1.00 1.00 1.00 1.00 = 
= = 1.00 = = = = = = = = 1.00 
= = = = = = = = = = = = 
= = = = = = = = = = = = 
0.98 0.98 = = = 1.00 1.00 1.00 1.00 1.00 1.00 = 
= = 1.00 = = = = = = = = 1.00 
= = = = = = = = = = = = 
= = = = = = = = 1.00 1.00 1.00 = 
0.87 0.87 = = = 1.00 1.00 1.00 1.00 1.00 = 1.00 
= = = = = = = = = = = = 
0.89 0.89 = = = = = = = = 1.00 1.00 
= = = = = 1.00 1.00 1.00 1.00 1.00 = = 
0.98 0.98 = = = 1.00 1.00 1.00 1.00 1.00 1.00 = 
= = = = = = = = = = = = 
1.00 1.00 = = = 1.00 1.00 1.00 = 1.00 1.00 = 
= = = = = = = = 1.00 1.00 = 1.00 
= = = = = = = = = = = = 
= = = = = = = = = = = = 
= = = = = 1.00 1.00 1.00 1.00 1.00 = = 
1.00 1.00 = = = 1.00 1.00 1.00 = = = = 
0.93 0.93 = = = 1.00 1.00 1.00 1.00 1.00 = = 
1.00 1.00 = = 0.92 1.00 1.00 1.00 1.00 1.00 1.00 = 
= = = = = = = = = = = = 
1.00 1.00 = = = 1.00 1.00 1.00 = 1.00 1.00 = 
1.00 1.00 = = = 1.00 1.00 1.00 = 1.00 1.00 = 
= = = = = 1.00 1.00 1.00 1.00 1.00 = = 
= = 1.00 1.00 = = = = = = = = 
0.98 0.98 = = = 1.00 1.00 1.00 1.00 1.00 1.00 = 
= = = = = = = = = = = = 
= = = = = = = = = = = = 
= = = = = 1.00 1.00 1.00 1.00 1.00 = 1.00 
= = = = = = = = = = = = 
= = = = = = = = = = = = 
= = = = = = = = = = = = 
= = = = = 1.00 1.00 1.00 1.00 1.00 = 1.00 
0.98 0.98 = = = 1.00 1.00 1.00 1.00 1.00 1.00 = 
0.98 0.98 = = = 1.00 1.00 1.00 1.00 1.00 1.00 = 
= = = = = = = = = = = = 
= = 1.00 1.00 = 1.00 1.00 = = = = = 
= = = = = = = = = = = = 
0.98 0.98 = = = 1.00 1.00 1.00 1.00 1.00 1.00 = 
= = = = = 1.00 1.00 1.00 1.00 1.00 1.00 = 
= = = = = 1.00 1.00 1.00 1.00 1.00 = 1.00 
= = = = = = = = = = = = 
1.00 1.00 1.00 = = = = = = = = 1.00 
= = 1.00 = = 1.00 1.00 1.00 1.00 1.00 1.00 1.00 
1.00 1.00 = = 0.93 1.00 1.00 1.00 1.00 1.00 1.00 = 
= = = = = = = = = = = = 
= = = = = 1.00 1.00 = = = = = 
= = = = = = = = = = = = 
= = = = = = = = = = = = 
= = 1.00 1.00 = = = = = = = = 
= = = = = = = = = = = = 
= = 1.00 = = = = = = = = 1.00 
= = = = = 1.00 1.00 1.00 1.00 1.00 = 1.00 
= = = = = 1.00 1.00 1.00 1.00 1.00 = 1.00 
= = 1.00 1.00 = = = = = = = = 
= = = = = 1.00 1.00 = = = = = 
= = 1.00 1.00 = = = = = = = = 
0.86 0.86 = = = 1.00 1.00 1.00 1.00 1.00 = 1.00 
= = = = = = = = = = = = 
= = = = = = = = = = = = 
= = = = = = = = = = = = 
= = = = = = = = = = = = 
1.00 1.00 = = = = = 1.00 1.00 1.00 = 1.00 
= = 1.00 1.00 = 1.00 1.00 1.00 1.00 1.00 = 1.00 
= = = = = = = = = = = = 
= = = = = = = = = = = = 
= = = = = = = = = = = = 
= = 1.00 1.00 = = = = = = = = 
= = = = = = = = = = = = 
0.86 0.86 = = = 1.00 1.00 1.00 1.00 1.00 = 1.00 
1.00 1.00 = = = = = = 1.00 1.00 = = 
= = = = = 1.00 1.00 1.00 1.00 1.00 = 1.00 
= = = = = = = = = = = = 
= = 0.97 = = 1.00 1.00 1.00 1.00 1.00 = 0.93 
0.98 0.98 = = = 1.00 1.00 1.00 1.00 1.00 1.00 = 
= = 1.00 1.00 = = = = = = = = 
= = = = = 1.00 1.00 1.00 1.00 1.00 = 1.00 
= = 1.00 1.00 = = = = = = = = 
= = = = = = = = = = = = 
= = = = = 1.00 1.00 = = = = = 
= = = = = = = = = = = = 
1.00 1.00 = = = 1.00 1.00 1.00 = 1.00 1.00 = 
0.98 0.98 = = = 1.00 1.00 1.00 1.00 1.00 1.00 = 
0.98 0.98 = = = 1.00 1.00 1.00 1.00 1.00 1.00 = 
= = = = = = = = = = = = 
= = = = = = = = = = = = 
= = = = = = = = = = = = 
1.00 1.00 0.98 = = 1.00 1.00 1.00 1.00 1.00 = 0.95 
= = = = = 1.00 1.00 1.00 = = = = 
= = = = = = = = = = = = 
= = 1.00 1.00 = = = = = = = = 
= = = = = = = = = = = = 
0.93 0.93 = = = 1.00 1.00 1.00 1.00 1.00 = = 
= = = = = = = = = = = = 
= = = = = 1.00 1.00 1.00 1.00 1.00 = = 
0.98 0.98 = = = 1.00 1.00 1.00 1.00 1.00 1.00 = 
= = = = = = = = = = = = 
= = = = = = = = = = = = 
1.00 1.00 = = = = = = = = = = 
0.98 0.98 = = = 1.00 1.00 1.00 1.00 1.00 1.00 = 
= = = = = = = = = = = = 
= = = = = = = = = = = = 
= = 1.00 1.00 = = = = = = = = 
= = 1.00 1.00 = = = = = = = = 
0.98 0.98 = = = 1.00 1.00 1.00 1.00 1.00 1.00 = 
0.98 0.98 = = = 1.00 1.00 1.00 1.00 1.00 1.00 = 
= = 1.00 = 0.96 = = = = = = 1.00 
= = = = = = = = = = = = 
0.98 0.98 = = = 1.00 1.00 1.00 1.00 1.00 1.00 = 
= = = = = = = = = = = = 
0.98 0.98 = = = 1.00 1.00 1.00 1.00 1.00 1.00 = 
= = = = = 1.00 1.00 = = = = = 
1.00 1.00 1.00 1.00 = 1.00 1.00 1.00 1.00 1.00 1.00 = 
= = = = = = = = = = = = 
= = = = = = = = = = = = 
= = = = = 1.00 1.00 1.00 1.00 1.00 = 1.00 
1.00 1.00 = = = 1.00 1.00 1.00 = 1.00 1.00 = 
= = = = 0.97 1.00 1.00 1.00 1.00 1.00 = 1.00 
= = = = = = = = = = = = 
= = = = = = = = = = = = 
END PHASEPROBS
